[DEPRECATION WARNING]: Instead of sudo/sudo_user, use become/become_user and 
make sure become_method is 'sudo' (default).
This feature will be removed in a 
future release. Deprecation warnings can be disabled by setting 
deprecation_warnings=False in ansible.cfg.

PLAY [master] ******************************************************************

TASK [setup] *******************************************************************
ok: [node1]

TASK [update hosts file] *******************************************************
ok: [node1]

TASK [install mesosphere yum repo] *********************************************
changed: [node1]

TASK [install zookeeper yum repo] **********************************************
changed: [node1]

TASK [install zookeeper] *******************************************************
changed: [node1]

TASK [install mesos, marathon, chronos, and docker packages] *******************
changed: [node1]

TASK [set zookeeper to start on os init] ***************************************
changed: [node1]

TASK [set mesos-master to start on os init] ************************************
changed: [node1]

TASK [set mesos-slave to start on os init] *************************************
changed: [node1]

TASK [set marathon to start on os init] ****************************************
changed: [node1]

TASK [configure zookeeper ID] **************************************************
changed: [node1]

TASK [configure containerizers] ************************************************
changed: [node1]

TASK [start zookeeper] *********************************************************
changed: [node1]

TASK [start mesos-master] ******************************************************
changed: [node1]

TASK [start mesos-slave] *******************************************************
changed: [node1]

TASK [start marathon] **********************************************************
changed: [node1]

TASK [start chronos] ***********************************************************
changed: [node1]

TASK [start docker] ************************************************************
changed: [node1]

TASK [install go, git, and dnsutil, nano and mlocate packages] *****************
changed: [node1]

TASK [build docker outyet] *****************************************************
changed: [node1]

TASK [build/configure mesos-dns] ***********************************************
changed: [node1]

TASK [configure dns] ***********************************************************
changed: [node1]

TASK [configure marathon services] *********************************************
changed: [node1]

TASK [install ruby for later chronos build] ************************************
changed: [node1]

TASK [sync chronos jobs] *******************************************************
changed: [node1]

TASK [update the rsyslog config] ***********************************************
changed: [node1]

TASK [restart rsyslog] *********************************************************
changed: [node1]
 [WARNING]: Consider using service module rather than running service

PLAY [nodes] *******************************************************************
skipping: no hosts matched

PLAY RECAP *********************************************************************
node1                      : ok=27   changed=25   unreachable=0    failed=0   

